Build started 17.09.2015 20:27:45.
     1>Project "C:\Users\MrLukashem\Documents\GitHub\Timer\Timer\Timer.vcxproj" on node 2 (Build target(s)).
     1>ClCompile:
         D:\vs2015\VC\bin\CL.exe /c /ZI /nologo /W3 /WX- /sdl /Od /Oy- /D _MBCS /Gm /EHsc /RTC1 /MDd /GS /fp:precise /Zc:wchar_t /Zc:forScope /Zc:inline /Fo"Debug\\" /Fd"Debug\vc140.pdb" /Gd /TP /analyze- /errorReport:prompt TimerManager.cpp main.cpp
         main.cpp
     1>c:\users\mrlukashem\documents\github\timer\timer\timer.h(153): error C2131: expression did not evaluate to a constant
         c:\users\mrlukashem\documents\github\timer\timer\timer.h(153): note: failure was caused by non-constant arguments or reference to a non-constant symbol
         c:\users\mrlukashem\documents\github\timer\timer\timer.h(153): note: see usage of 'this'
         c:\users\mrlukashem\documents\github\timer\timer\timer.h(107): note: while compiling class template member function 'tmr::Timer<void (__cdecl *)(int),int>::Timer(Function,int)'
                 with
                 [
                     Function=void (__cdecl *)(int)
                 ]
         d:\vs2015\vc\include\memory(907): note: see reference to function template instantiation 'tmr::Timer<void (__cdecl *)(int),int>::Timer(Function,int)' being compiled
                 with
                 [
                     Function=void (__cdecl *)(int)
                 ]
         d:\vs2015\vc\include\memory(977): note: see reference to function template instantiation 'std::_Ref_count_obj<_Ty>::_Ref_count_obj<void(__cdecl *&)(int),int&>(void (__cdecl *&)(int),int &)' being compiled
                 with
                 [
                     _Ty=tmr::Timer<void (__cdecl *)(int),int>
                 ]
         d:\vs2015\vc\include\memory(977): note: see reference to function template instantiation 'std::_Ref_count_obj<_Ty>::_Ref_count_obj<void(__cdecl *&)(int),int&>(void (__cdecl *&)(int),int &)' being compiled
                 with
                 [
                     _Ty=tmr::Timer<void (__cdecl *)(int),int>
                 ]
         c:\users\mrlukashem\documents\github\timer\timer\timer.h(217): note: see reference to function template instantiation 'std::shared_ptr<tmr::Timer<void (__cdecl *)(int),int>> std::make_shared<tmr::Timer<void (__cdecl *)(int),int>,void(__cdecl *&)(int),int&>(void (__cdecl *&)(int),int &)' being compiled
         c:\users\mrlukashem\documents\github\timer\timer\main.cpp(15): note: see reference to function template instantiation 'std::shared_ptr<tmr::Timer<void (__cdecl *)(int),int>> tmr::makeTimerOnHeap<void(__cdecl *)(int),int>(Function,int)' being compiled
                 with
                 [
                     Function=void (__cdecl *)(int)
                 ]
         TimerManager.cpp
     1>c:\users\mrlukashem\documents\github\timer\timer\timer.h(153): error C2131: expression did not evaluate to a constant
         c:\users\mrlukashem\documents\github\timer\timer\timer.h(153): note: failure was caused by non-constant arguments or reference to a non-constant symbol
         c:\users\mrlukashem\documents\github\timer\timer\timer.h(153): note: see usage of 'this'
         c:\users\mrlukashem\documents\github\timer\timer\timer.h(107): note: while compiling class template member function 'tmr::Timer<tmr::CallbackFunction>::Timer(Function)'
                 with
                 [
                     Function=tmr::CallbackFunction
                 ]
         c:\users\mrlukashem\documents\github\timer\timer\timer.h(212): note: see reference to function template instantiation 'tmr::Timer<tmr::CallbackFunction>::Timer(Function)' being compiled
                 with
                 [
                     Function=tmr::CallbackFunction
                 ]
         c:\users\mrlukashem\documents\github\timer\timer\timer.h(162): note: while compiling class template member function 'tmr::TimerID tmr::Timer<tmr::CallbackFunction>::getID(void)'
         c:\users\mrlukashem\documents\github\timer\timer\timermanager.cpp(12): note: see reference to function template instantiation 'tmr::TimerID tmr::Timer<tmr::CallbackFunction>::getID(void)' being compiled
         c:\users\mrlukashem\documents\github\timer\timer\timermanager.cpp(11): note: see reference to class template instantiation 'tmr::Timer<tmr::CallbackFunction>' being compiled
         Generating Code...
     1>Done Building Project "C:\Users\MrLukashem\Documents\GitHub\Timer\Timer\Timer.vcxproj" (Build target(s)) -- FAILED.

Build FAILED.

Time Elapsed 00:00:02.32
